WARNING:root:movie name not found
WARNING:root:movie name not found
WARNING:root:movie name not found
WARNING:root:movie name not found
WARNING:root:movie name not found
WARNING:root:movie name not found
WARNING:root:movie name not found
WARNING:root:movie name not found
WARNING:root:movie name not found
WARNING:root:movie name not found
WARNING:root:movie name not found
WARNING:root:movie name not found
WARNING:root:movie name not found
WARNING:root:movie name not found
WARNING:root:movie name not found
WARNING:root:movie name not found
WARNING:root:movie name not found
WARNING:root:movie name found
WARNING:root:movie release date found
WARNING:root:movie gross found
WARNING:root:movie starring list found
WARNING:root:movie name found
WARNING:root:movie release date found
WARNING:root:movie gross found
WARNING:root:movie starring list found
WARNING:root:movie name found
WARNING:root:movie release date found
WARNING:root:movie gross found
WARNING:root:movie starring list found
WARNING:root:actor name found
WARNING:root:age found
WARNING:root:filmography section found; proceeding to find films
WARNING:root:movie name found
WARNING:root:movie release date found
WARNING:root:movie gross found
WARNING:root:movie starring list found
WARNING:root:movie name found
WARNING:root:movie release date found
WARNING:root:movie gross found
WARNING:root:movie starring list found
