WARNING:root:actor name found
WARNING:root:age found
WARNING:root:filmography section found; proceeding to find films
WARNING:root:film section not found
WARNING:root:film table not found
WARNING:root:actor name found
WARNING:root:age found
WARNING:root:filmography section found; proceeding to find films
WARNING:root:actor name found
WARNING:root:age found
WARNING:root:filmography section found; proceeding to find films
WARNING:root:film section not found on original page
WARNING:root:film table not found
WARNING:root:actor name found
WARNING:root:age found
WARNING:root:filmography section found; proceeding to find films
WARNING:root:film section found; proceeding to find film table
WARNING:root:film table found
WARNING:root:actor name found
WARNING:root:age found
WARNING:root:filmography section found; proceeding to find films
WARNING:root:film section found; proceeding to find film table
WARNING:root:film table found
WARNING:root:actor name found
WARNING:root:age found
WARNING:root:filmography section found; proceeding to find films
WARNING:root:film section found; proceeding to find film table
WARNING:root:film table found
WARNING:root:actor name found
WARNING:root:age found
WARNING:root:filmography section found; proceeding to find films
WARNING:root:film section found; proceeding to find film table
WARNING:root:film table found
WARNING:root:actor name found
WARNING:root:age found
WARNING:root:filmography section found; proceeding to find films
WARNING:root:film section found; proceeding to find film table
WARNING:root:film table found
WARNING:root:actor name found
WARNING:root:age found
WARNING:root:filmography section found; proceeding to find films
WARNING:root:film section found; proceeding to find film table
WARNING:root:film table found
WARNING:root:actor name found
WARNING:root:age found
WARNING:root:filmography section found; proceeding to find films
WARNING:root:film section found; proceeding to find film table
WARNING:root:film table found
WARNING:root:actor name found
WARNING:root:age found
WARNING:root:filmography section found; proceeding to find films
WARNING:root:film section found; proceeding to find film table
WARNING:root:film table found
WARNING:root:actor name found
WARNING:root:age found
WARNING:root:filmography section found; proceeding to find films
WARNING:root:film section found; proceeding to find film table
WARNING:root:actor name found
WARNING:root:age found
WARNING:root:filmography section found; proceeding to find films
WARNING:root:film section found; proceeding to find film table
WARNING:root:actor name found
WARNING:root:age found
WARNING:root:filmography section found; proceeding to find films
WARNING:root:film section found; proceeding to find film table
WARNING:root:actor name found
WARNING:root:age found
WARNING:root:filmography section found; proceeding to find films
WARNING:root:film section found; proceeding to find film table
WARNING:root:film table found
WARNING:root:actor name found
WARNING:root:age found
WARNING:root:filmography section found; proceeding to find films
WARNING:root:film section found; proceeding to find film table
WARNING:root:film table found
WARNING:root:actor name found
WARNING:root:age found
WARNING:root:filmography section found; proceeding to find films
WARNING:root:film section found; proceeding to find film table
WARNING:root:film table found
WARNING:root:actor name found
WARNING:root:age found
WARNING:root:filmography section found; proceeding to find films
WARNING:root:film section found; proceeding to find film table
WARNING:root:film table found
WARNING:root:actor name found
WARNING:root:age found
WARNING:root:filmography section found; proceeding to find films
WARNING:root:film section found; proceeding to find film table
WARNING:root:film table found
WARNING:root:actor name found
WARNING:root:age found
WARNING:root:filmography section found; proceeding to find films
WARNING:root:film section found; proceeding to find film table
WARNING:root:film table found
WARNING:root:actor name found
WARNING:root:age found
WARNING:root:filmography section found; proceeding to find films
WARNING:root:film section found; proceeding to find film table
WARNING:root:film table found
WARNING:root:actor name found
WARNING:root:age found
WARNING:root:filmography section found; proceeding to find films
WARNING:root:film section found; proceeding to find film table
WARNING:root:film table found
WARNING:root:actor name found
WARNING:root:age found
WARNING:root:filmography section found; proceeding to find films
WARNING:root:film section found; proceeding to find film table
WARNING:root:film table found
WARNING:root:actor name found
WARNING:root:age found
WARNING:root:filmography section found; proceeding to find films
WARNING:root:film section found; proceeding to find film table
WARNING:root:film table found
WARNING:root:actor name found
WARNING:root:age found
WARNING:root:filmography section found; proceeding to find films
WARNING:root:film section found; proceeding to find film table
WARNING:root:film table found
WARNING:root:actor name found
WARNING:root:age found
WARNING:root:filmography section found; proceeding to find films
WARNING:root:film section found; proceeding to find film table
WARNING:root:film table found
WARNING:root:actor name found
WARNING:root:age found
WARNING:root:filmography section found; proceeding to find films
WARNING:root:film section found; proceeding to find film table
WARNING:root:film table found
WARNING:root:actor name found
WARNING:root:age found
WARNING:root:filmography section found; proceeding to find films
WARNING:root:film section found; proceeding to find film table
WARNING:root:film table found
WARNING:root:actor name found
WARNING:root:age found
WARNING:root:filmography section found; proceeding to find films
WARNING:root:film section found; proceeding to find film table
WARNING:root:film table found
WARNING:root:actor name found
WARNING:root:age found
WARNING:root:filmography section found; proceeding to find films
WARNING:root:film section found; proceeding to find film table
WARNING:root:film table found
WARNING:root:actor name found
WARNING:root:age found
WARNING:root:filmography section found; proceeding to find films
WARNING:root:film section found; proceeding to find film table
WARNING:root:film table found
WARNING:root:actor name found
WARNING:root:age found
WARNING:root:filmography section found; proceeding to find films
WARNING:root:film section found; proceeding to find film table
WARNING:root:film table found
WARNING:root:actor name found
WARNING:root:age found
WARNING:root:filmography section found; proceeding to find films
WARNING:root:film section found; proceeding to find film table
WARNING:root:film table found
WARNING:root:actor name found
WARNING:root:age found
WARNING:root:filmography section found; proceeding to find films
WARNING:root:film section found; proceeding to find film table
WARNING:root:film table found
WARNING:root:actor name found
WARNING:root:age found
WARNING:root:filmography section found; proceeding to find films
WARNING:root:film section found; proceeding to find film table
WARNING:root:film table found
WARNING:root:actor name found
WARNING:root:age found
WARNING:root:filmography section found; proceeding to find films
WARNING:root:film section found; proceeding to find film table
WARNING:root:film table found
WARNING:root:actor name found
WARNING:root:age found
WARNING:root:filmography section found; proceeding to find films
WARNING:root:film section found; proceeding to find film table
WARNING:root:film table found
WARNING:root:actor name found
WARNING:root:age found
WARNING:root:filmography section found; proceeding to find films
WARNING:root:film section not found on original page
WARNING:root:film table not found
WARNING:root:actor name found
WARNING:root:age found
WARNING:root:filmography section found; proceeding to find films
WARNING:root:actor name found
WARNING:root:age found
WARNING:root:filmography section found; proceeding to find films
WARNING:root:actor name found
WARNING:root:age found
WARNING:root:filmography section found; proceeding to find films
WARNING:root:actor name found
WARNING:root:age found
WARNING:root:filmography section found; proceeding to find films
WARNING:root:actor name found
WARNING:root:age found
WARNING:root:filmography section found; proceeding to find films
WARNING:root:actor name found
WARNING:root:age found
WARNING:root:filmography section found; proceeding to find films
WARNING:root:actor name found
WARNING:root:age found
WARNING:root:filmography section found; proceeding to find films
WARNING:root:movie name found
WARNING:root:movie release date found
WARNING:root:movie gross found
WARNING:root:movie starring list found
WARNING:root:actor name found
WARNING:root:age found
WARNING:root:filmography section found; proceeding to find films
WARNING:root:movie name found
WARNING:root:movie release date found
WARNING:root:movie gross found
WARNING:root:movie starring list found
WARNING:root:actor name found
WARNING:root:age found
WARNING:root:filmography section found; proceeding to find films
WARNING:root:movie name found
WARNING:root:movie release date found
WARNING:root:movie gross found
WARNING:root:movie starring list found
